[23:34:09] [ServerMain/INFO]: Environment: Environment[sessionHost=https://sessionserver.mojang.com, servicesHost=https://api.minecraftservices.com, profilesHost=https://api.mojang.com, name=PROD]
[23:34:10] [ServerMain/INFO]: No existing world data, creating new world
[23:34:11] [ServerMain/INFO]: Loaded 1461 recipes
[23:34:11] [ServerMain/INFO]: Loaded 1574 advancements
[23:34:11] [Server thread/INFO]: Starting minecraft server version 1.21.9
[23:34:11] [Server thread/INFO]: Loading properties
[23:34:11] [Server thread/INFO]: Default game type: SURVIVAL
[23:34:11] [Server thread/INFO]: Generating keypair
[23:34:11] [Server thread/INFO]: Starting Minecraft server on *:25565
[23:34:12] [Server thread/INFO]: Using epoll channel type
[23:34:12] [Server thread/INFO]: Preparing level "world"
[23:34:12] [Server thread/INFO]: Selecting global world spawn...
[23:34:14] [Server thread/INFO]: Loading 0 persistent chunks...
[23:34:14] [Server thread/INFO]: Preparing spawn area: 100%
[23:34:14] [Server thread/INFO]: Time elapsed: 1990 ms
[23:34:14] [Server thread/INFO]: Done (2.279s)! For help, type "help"
[23:35:14] [Server thread/INFO]: Server empty for 60 seconds, pausing
[23:38:28] [User Authenticator #1/INFO]: UUID of player infinitiKII is 5d63c670-06c8-452a-8eea-9edc5748fca5
[23:38:31] [Server thread/INFO]: infinitiKII[/172.19.0.1:38400] logged in with entity id 25 at (-5.5, 82.0, -1.5)
[23:38:31] [Server thread/INFO]: infinitiKII joined the game
[23:40:44] [Server thread/INFO]: infinitiKII lost connection: Disconnected
[23:40:44] [Server thread/INFO]: infinitiKII left the game
